This file contains any messages produced by compilers while
running configure, to aid debugging if configure makes a mistake.

It was created by Simpcomp Bistellar configure 1.0, which was
generated by GNU Autoconf 2.68.  Invocation command line was

  $ ./configure 

## --------- ##
## Platform. ##
## --------- ##

hostname = jonathan-VirtualBox
uname -m = i686
uname -r = 3.13.0-53-generic
uname -s = Linux
uname -v = #89-Ubuntu SMP Wed May 20 10:34:28 UTC 2015

/usr/bin/uname -p = unknown
/bin/uname -X     = unknown

/bin/arch              = unknown
/usr/bin/arch -k       = unknown
/usr/convex/getsysinfo = unknown
/usr/bin/hostinfo      = unknown
/bin/machine           = unknown
/usr/bin/oslevel       = unknown
/bin/universe          = unknown

PATH: /usr/local/sbin
PATH: /usr/local/bin
PATH: /usr/sbin
PATH: /usr/bin
PATH: /sbin
PATH: /bin
PATH: /usr/games
PATH: /usr/local/games
PATH: ~/apps
PATH: /media/data/apps
PATH: ~/apps/gap4r4/bin
PATH: ~/apps/git
PATH: ~/apps/regina
PATH: ~/gap4r5/bin
PATH: ~/gap4r7/bin
PATH: ~/apps/nauty25
PATH: ~/apps/LEDA
PATH: /usr/lib/go/bin
PATH: /home/jonathan/go/bin


## ----------- ##
## Core tests. ##
## ----------- ##

configure:1801: checking for a BSD-compatible install
configure:1869: result: /usr/bin/install -c
configure:1880: checking whether build environment is sane
configure:1917: result: yes
configure:1942: checking for a thread-safe mkdir -p
configure:1981: result: /bin/mkdir -p
configure:1994: checking for gawk
configure:2024: result: no
configure:1994: checking for mawk
configure:2010: found /usr/bin/mawk
configure:2021: result: mawk
configure:2032: checking whether make sets $(MAKE)
configure:2054: result: yes
configure:2286: checking for g++
configure:2302: found /usr/bin/g++
configure:2313: result: g++
configure:2340: checking for C++ compiler version
configure:2349: g++ --version >&5
g++ (Ubuntu 4.8.2-19ubuntu1) 4.8.2
Copyright (C) 2013 Free Software Foundation, Inc.
This is free software; see the source for copying conditions.  There is NO
warranty; not even for MERCHANTABILITY or FITNESS FOR A PARTICULAR PURPOSE.

configure:2360: $? = 0
configure:2349: g++ -v >&5
Using built-in specs.
COLLECT_GCC=g++
COLLECT_LTO_WRAPPER=/usr/lib/gcc/i686-linux-gnu/4.8/lto-wrapper
Target: i686-linux-gnu
Configured with: ../src/configure -v --with-pkgversion='Ubuntu 4.8.2-19ubuntu1' --with-bugurl=file:///usr/share/doc/gcc-4.8/README.Bugs --enable-languages=c,c++,java,go,d,fortran,objc,obj-c++ --prefix=/usr --program-suffix=-4.8 --enable-shared --enable-linker-build-id --libexecdir=/usr/lib --without-included-gettext --enable-threads=posix --with-gxx-include-dir=/usr/include/c++/4.8 --libdir=/usr/lib --enable-nls --with-sysroot=/ --enable-clocale=gnu --enable-libstdcxx-debug --enable-libstdcxx-time=yes --enable-gnu-unique-object --disable-libmudflap --enable-plugin --with-system-zlib --disable-browser-plugin --enable-java-awt=gtk --enable-gtk-cairo --with-java-home=/usr/lib/jvm/java-1.5.0-gcj-4.8-i386/jre --enable-java-home --with-jvm-root-dir=/usr/lib/jvm/java-1.5.0-gcj-4.8-i386 --with-jvm-jar-dir=/usr/lib/jvm-exports/java-1.5.0-gcj-4.8-i386 --with-arch-directory=i386 --with-ecj-jar=/usr/share/java/eclipse-ecj.jar --enable-objc-gc --enable-targets=all --enable-multiarch --disable-werror --with-arch-32=i686 --with-multilib-list=m32,m64,mx32 --with-tune=generic --enable-checking=release --build=i686-linux-gnu --host=i686-linux-gnu --target=i686-linux-gnu
Thread model: posix
gcc version 4.8.2 (Ubuntu 4.8.2-19ubuntu1) 
configure:2360: $? = 0
configure:2349: g++ -V >&5
g++: error: unrecognized command line option '-V'
g++: fatal error: no input files
compilation terminated.
configure:2360: $? = 4
configure:2349: g++ -qversion >&5
g++: error: unrecognized command line option '-qversion'
g++: fatal error: no input files
compilation terminated.
configure:2360: $? = 4
configure:2380: checking whether the C++ compiler works
configure:2402: g++    conftest.cpp  >&5
configure:2406: $? = 0
configure:2454: result: yes
configure:2457: checking for C++ compiler default output file name
configure:2459: result: a.out
configure:2465: checking for suffix of executables
configure:2472: g++ -o conftest    conftest.cpp  >&5
configure:2476: $? = 0
configure:2498: result: 
configure:2520: checking whether we are cross compiling
configure:2528: g++ -o conftest    conftest.cpp  >&5
configure:2532: $? = 0
configure:2539: ./conftest
configure:2543: $? = 0
configure:2558: result: no
configure:2563: checking for suffix of object files
configure:2585: g++ -c   conftest.cpp >&5
configure:2589: $? = 0
configure:2610: result: o
configure:2614: checking whether we are using the GNU C++ compiler
configure:2633: g++ -c   conftest.cpp >&5
configure:2633: $? = 0
configure:2642: result: yes
configure:2651: checking whether g++ accepts -g
configure:2671: g++ -c -g  conftest.cpp >&5
configure:2671: $? = 0
configure:2712: result: yes
configure:2746: checking for style of include used by make
configure:2774: result: GNU
configure:2799: checking dependency style of g++
configure:2890: result: gcc3
configure:3065: creating ./config.status

## ---------------------- ##
## Running config.status. ##
## ---------------------- ##

This file was extended by Simpcomp Bistellar config.status 1.0, which was
generated by GNU Autoconf 2.68.  Invocation command line was

  CONFIG_FILES    = 
  CONFIG_HEADERS  = 
  CONFIG_LINKS    = 
  CONFIG_COMMANDS = 
  $ ./config.status 

on jonathan-VirtualBox

config.status:777: creating Makefile
config.status:949: executing depfiles commands

## ---------------- ##
## Cache variables. ##
## ---------------- ##

ac_cv_cxx_compiler_gnu=yes
ac_cv_env_CCC_set=
ac_cv_env_CCC_value=
ac_cv_env_CPPFLAGS_set=
ac_cv_env_CPPFLAGS_value=
ac_cv_env_CXXFLAGS_set=
ac_cv_env_CXXFLAGS_value=
ac_cv_env_CXX_set=
ac_cv_env_CXX_value=
ac_cv_env_LDFLAGS_set=
ac_cv_env_LDFLAGS_value=
ac_cv_env_LIBS_set=
ac_cv_env_LIBS_value=
ac_cv_env_build_alias_set=
ac_cv_env_build_alias_value=
ac_cv_env_host_alias_set=
ac_cv_env_host_alias_value=
ac_cv_env_target_alias_set=
ac_cv_env_target_alias_value=
ac_cv_objext=o
ac_cv_path_install='/usr/bin/install -c'
ac_cv_path_mkdir=/bin/mkdir
ac_cv_prog_AWK=mawk
ac_cv_prog_ac_ct_CXX=g++
ac_cv_prog_cxx_g=yes
ac_cv_prog_make_make_set=yes
am_cv_CXX_dependencies_compiler_type=gcc3

## ----------------- ##
## Output variables. ##
## ----------------- ##

ACLOCAL='${SHELL} /home/jonathan/simpcomp/missing --run aclocal-1.10'
AMDEPBACKSLASH='\'
AMDEP_FALSE='#'
AMDEP_TRUE=''
AMTAR='${SHELL} /home/jonathan/simpcomp/missing --run tar'
AUTOCONF='${SHELL} /home/jonathan/simpcomp/missing --run autoconf'
AUTOHEADER='${SHELL} /home/jonathan/simpcomp/missing --run autoheader'
AUTOMAKE='${SHELL} /home/jonathan/simpcomp/missing --run automake-1.10'
AWK='mawk'
CPPFLAGS=''
CXX='g++'
CXXDEPMODE='depmode=gcc3'
CXXFLAGS='-g -O2'
CYGPATH_W='echo'
DEFS='-DPACKAGE_NAME=\"Simpcomp\ Bistellar\" -DPACKAGE_TARNAME=\"simpcomp-bistellar\" -DPACKAGE_VERSION=\"1.0\" -DPACKAGE_STRING=\"Simpcomp\ Bistellar\ 1.0\" -DPACKAGE_BUGREPORT=\"\" -DPACKAGE_URL=\"\"'
DEPDIR='.deps'
ECHO_C=''
ECHO_N='-n'
ECHO_T=''
EXEEXT=''
INSTALL_DATA='${INSTALL} -m 644'
INSTALL_PROGRAM='${INSTALL}'
INSTALL_SCRIPT='${INSTALL}'
INSTALL_STRIP_PROGRAM='$(install_sh) -c -s'
LDFLAGS=''
LIBOBJS=''
LIBS=''
LTLIBOBJS=''
MAKEINFO='${SHELL} /home/jonathan/simpcomp/missing --run makeinfo'
MKDIR_P='/bin/mkdir -p'
OBJEXT='o'
PACKAGE='simpcomp-bistellar'
PACKAGE_BUGREPORT=''
PACKAGE_NAME='Simpcomp Bistellar'
PACKAGE_STRING='Simpcomp Bistellar 1.0'
PACKAGE_TARNAME='simpcomp-bistellar'
PACKAGE_URL=''
PACKAGE_VERSION='1.0'
PATH_SEPARATOR=':'
SET_MAKE=''
SHELL='/bin/bash'
STRIP=''
VERSION='1.0'
ac_ct_CXX='g++'
am__fastdepCXX_FALSE='#'
am__fastdepCXX_TRUE=''
am__include='include'
am__isrc=''
am__leading_dot='.'
am__quote=''
am__tar='${AMTAR} chof - "$$tardir"'
am__untar='${AMTAR} xf -'
bindir='${exec_prefix}/bin'
build_alias=''
datadir='${datarootdir}'
datarootdir='${prefix}/share'
docdir='${datarootdir}/doc/${PACKAGE_TARNAME}'
dvidir='${docdir}'
exec_prefix='${prefix}'
host_alias=''
htmldir='${docdir}'
includedir='${prefix}/include'
infodir='${datarootdir}/info'
install_sh='$(SHELL) /home/jonathan/simpcomp/install-sh'
libdir='${exec_prefix}/lib'
libexecdir='${exec_prefix}/libexec'
localedir='${datarootdir}/locale'
localstatedir='${prefix}/var'
mandir='${datarootdir}/man'
mkdir_p='/bin/mkdir -p'
oldincludedir='/usr/include'
pdfdir='${docdir}'
prefix='/usr/local'
program_transform_name='s,x,x,'
psdir='${docdir}'
sbindir='${exec_prefix}/sbin'
sharedstatedir='${prefix}/com'
sysconfdir='${prefix}/etc'
target_alias=''

## ----------- ##
## confdefs.h. ##
## ----------- ##

/* confdefs.h */
#define PACKAGE_NAME "Simpcomp Bistellar"
#define PACKAGE_TARNAME "simpcomp-bistellar"
#define PACKAGE_VERSION "1.0"
#define PACKAGE_STRING "Simpcomp Bistellar 1.0"
#define PACKAGE_BUGREPORT ""
#define PACKAGE_URL ""

configure: exit 0
